The system is: Linux - 3.10.0-693.5.2.el7.x86_64 - x86_64
Compiling the CXX compiler identification source file "CMakeCXXCompilerId.cpp" succeeded.
Compiler: /nopt/nrel/apps/gcc/6.2.0/bin/g++ 
Build flags: 
Id flags:  

The output was:
0


Compilation of the CXX compiler identification source "CMakeCXXCompilerId.cpp" produced "a.out"

The CXX compiler identification is GNU, found in "/home/kswirydo/hypre-mini-app/src/CMakeFiles/3.9.4/CompilerIdCXX/a.out"

Compiling the C compiler identification source file "CMakeCCompilerId.c" succeeded.
Compiler: /nopt/nrel/apps/gcc/6.2.0/bin/gcc 
Build flags: 
Id flags:  

The output was:
0


Compilation of the C compiler identification source "CMakeCCompilerId.c" produced "a.out"

The C compiler identification is GNU, found in "/home/kswirydo/hypre-mini-app/src/CMakeFiles/3.9.4/CompilerIdC/a.out"

Determining if the CXX compiler works passed with the following output:
Change Dir: /home/kswirydo/hypre-mini-app/src/CMakeFiles/CMakeTmp

Run Build Command:"/usr/bin/gmake" "cmTC_cc08e/fast"
gmake: Warning: File `Makefile' has modification time 204 s in the future
/usr/bin/gmake -f CMakeFiles/cmTC_cc08e.dir/build.make CMakeFiles/cmTC_cc08e.dir/build
gmake[1]: Entering directory `/home/kswirydo/hypre-mini-app/src/CMakeFiles/CMakeTmp'
gmake[1]: Warning: File `CMakeFiles/cmTC_cc08e.dir/flags.make' has modification time 204 s in the future
Building CXX object CMakeFiles/cmTC_cc08e.dir/testCXXCompiler.cxx.o
/nopt/nrel/apps/gcc/6.2.0/bin/g++     -o CMakeFiles/cmTC_cc08e.dir/testCXXCompiler.cxx.o -c /home/kswirydo/hypre-mini-app/src/CMakeFiles/CMakeTmp/testCXXCompiler.cxx
Linking CXX executable cmTC_cc08e
/nopt/nrel/ecom/ecp/base/c/spack/opt/spack/linux-centos7-x86_64/gcc-6.2.0/cmake-3.9.4-mlfh5h3j5ijmflg6iu4eralfojsh3nv3/bin/cmake -E cmake_link_script CMakeFiles/cmTC_cc08e.dir/link.txt --verbose=1
/nopt/nrel/apps/gcc/6.2.0/bin/g++       -rdynamic CMakeFiles/cmTC_cc08e.dir/testCXXCompiler.cxx.o  -o cmTC_cc08e 
gmake[1]: warning:  Clock skew detected.  Your build may be incomplete.
gmake[1]: Leaving directory `/home/kswirydo/hypre-mini-app/src/CMakeFiles/CMakeTmp'
gmake: warning:  Clock skew detected.  Your build may be incomplete.


Detecting CXX compiler ABI info compiled with the following output:
Change Dir: /home/kswirydo/hypre-mini-app/src/CMakeFiles/CMakeTmp

Run Build Command:"/usr/bin/gmake" "cmTC_97ff3/fast"
gmake: Warning: File `Makefile' has modification time 204 s in the future
/usr/bin/gmake -f CMakeFiles/cmTC_97ff3.dir/build.make CMakeFiles/cmTC_97ff3.dir/build
gmake[1]: Entering directory `/home/kswirydo/hypre-mini-app/src/CMakeFiles/CMakeTmp'
gmake[1]: Warning: File `CMakeFiles/cmTC_97ff3.dir/flags.make' has modification time 204 s in the future
Building CXX object CMakeFiles/cmTC_97ff3.dir/CMakeCXXCompilerABI.cpp.o
/nopt/nrel/apps/gcc/6.2.0/bin/g++     -o CMakeFiles/cmTC_97ff3.dir/CMakeCXXCompilerABI.cpp.o -c /nopt/nrel/ecom/ecp/base/c/spack/opt/spack/linux-centos7-x86_64/gcc-6.2.0/cmake-3.9.4-mlfh5h3j5ijmflg6iu4eralfojsh3nv3/share/cmake-3.9/Modules/CMakeCXXCompilerABI.cpp
Linking CXX executable cmTC_97ff3
/nopt/nrel/ecom/ecp/base/c/spack/opt/spack/linux-centos7-x86_64/gcc-6.2.0/cmake-3.9.4-mlfh5h3j5ijmflg6iu4eralfojsh3nv3/bin/cmake -E cmake_link_script CMakeFiles/cmTC_97ff3.dir/link.txt --verbose=1
/nopt/nrel/apps/gcc/6.2.0/bin/g++      -v -rdynamic CMakeFiles/cmTC_97ff3.dir/CMakeCXXCompilerABI.cpp.o  -o cmTC_97ff3 
Using built-in specs.
COLLECT_GCC=/nopt/nrel/apps/gcc/6.2.0/bin/g++
COLLECT_LTO_WRAPPER=/nopt/nrel/apps/gcc/6.2.0/libexec/gcc/x86_64-linux-gnu/6.2.0/lto-wrapper
Target: x86_64-linux-gnu
Configured with: ../gcc-6.2.0/configure --prefix=/nopt/nrel/apps/gcc/6.2.0 --build=x86_64-linux-gnu --enable-bootstrap --disable-multilib
Thread model: posix
gcc version 6.2.0 (GCC) 
COMPILER_PATH=/nopt/nrel/apps/gcc/6.2.0/libexec/gcc/x86_64-linux-gnu/6.2.0/:/nopt/nrel/apps/gcc/6.2.0/libexec/gcc/x86_64-linux-gnu/6.2.0/:/nopt/nrel/apps/gcc/6.2.0/libexec/gcc/x86_64-linux-gnu/:/nopt/nrel/apps/gcc/6.2.0/lib/gcc/x86_64-linux-gnu/6.2.0/:/nopt/nrel/apps/gcc/6.2.0/lib/gcc/x86_64-linux-gnu/
LIBRARY_PATH=/nopt/nrel/ecom/ecp/base/c/spack/opt/spack/linux-centos7-x86_64/gcc-6.2.0/netlib-lapack-3.8.0-n4p7oeohwcmnqejjmdlrl2ai5ttlzksh/lib64/../lib64/:/nopt/nrel/apps/gcc/6.2.0/lib/gcc/x86_64-linux-gnu/6.2.0/:/nopt/nrel/apps/gcc/6.2.0/lib/gcc/x86_64-linux-gnu/6.2.0/../../../../lib64/:/lib/../lib64/:/usr/lib/../lib64/:/nopt/nrel/ecom/ecp/base/c/spack/opt/spack/linux-centos7-x86_64/gcc-6.2.0/netlib-lapack-3.8.0-n4p7oeohwcmnqejjmdlrl2ai5ttlzksh/lib64/:/nopt/nrel/ecom/ecp/base/c/spack/opt/spack/linux-centos7-x86_64/gcc-6.2.0/openmpi-1.10.4-wfmjgcasxkighqrgph37nukffjmtwgif/lib/:/nopt/nrel/ecom/ecp/base/c/spack/opt/spack/linux-centos7-x86_64/gcc-6.2.0/binutils-2.29.1-gtsjgo72yvm3b6bj7lhwtxfnh6nfrkbd/lib/:/nopt/nrel/apps/gcc/6.2.0/lib/gcc/x86_64-linux-gnu/6.2.0/../../../:/lib/:/usr/lib/
COLLECT_GCC_OPTIONS='-v' '-rdynamic' '-o' 'cmTC_97ff3' '-shared-libgcc' '-mtune=generic' '-march=x86-64'
 /nopt/nrel/apps/gcc/6.2.0/libexec/gcc/x86_64-linux-gnu/6.2.0/collect2 --eh-frame-hdr -m elf_x86_64 -export-dynamic -dynamic-linker /lib64/ld-linux-x86-64.so.2 -o cmTC_97ff3 /lib/../lib64/crt1.o /lib/../lib64/crti.o /nopt/nrel/apps/gcc/6.2.0/lib/gcc/x86_64-linux-gnu/6.2.0/crtbegin.o -L/nopt/nrel/ecom/ecp/base/c/spack/opt/spack/linux-centos7-x86_64/gcc-6.2.0/netlib-lapack-3.8.0-n4p7oeohwcmnqejjmdlrl2ai5ttlzksh/lib64/../lib64 -L/nopt/nrel/apps/gcc/6.2.0/lib/gcc/x86_64-linux-gnu/6.2.0 -L/nopt/nrel/apps/gcc/6.2.0/lib/gcc/x86_64-linux-gnu/6.2.0/../../../../lib64 -L/lib/../lib64 -L/usr/lib/../lib64 -L/nopt/nrel/ecom/ecp/base/c/spack/opt/spack/linux-centos7-x86_64/gcc-6.2.0/netlib-lapack-3.8.0-n4p7oeohwcmnqejjmdlrl2ai5ttlzksh/lib64 -L/nopt/nrel/ecom/ecp/base/c/spack/opt/spack/linux-centos7-x86_64/gcc-6.2.0/openmpi-1.10.4-wfmjgcasxkighqrgph37nukffjmtwgif/lib -L/nopt/nrel/ecom/ecp/base/c/spack/opt/spack/linux-centos7-x86_64/gcc-6.2.0/binutils-2.29.1-gtsjgo72yvm3b6bj7lhwtxfnh6nfrkbd/lib -L/nopt/nrel/apps/gcc/6.2.0/lib/gcc/x86_64-linux-gnu/6.2.0/../../.. CMakeFiles/cmTC_97ff3.dir/CMakeCXXCompilerABI.cpp.o -lstdc++ -lm -lgcc_s -lgcc -lc -lgcc_s -lgcc /nopt/nrel/apps/gcc/6.2.0/lib/gcc/x86_64-linux-gnu/6.2.0/crtend.o /lib/../lib64/crtn.o
COLLECT_GCC_OPTIONS='-v' '-rdynamic' '-o' 'cmTC_97ff3' '-shared-libgcc' '-mtune=generic' '-march=x86-64'
gmake[1]: warning:  Clock skew detected.  Your build may be incomplete.
gmake[1]: Leaving directory `/home/kswirydo/hypre-mini-app/src/CMakeFiles/CMakeTmp'
gmake: warning:  Clock skew detected.  Your build may be incomplete.


Parsed CXX implicit link information from above output:
  link line regex: [^( *|.*[/\])(ld|CMAKE_LINK_STARTFILE-NOTFOUND|([^/\]+-)?ld|collect2)[^/\]*( |$)]
  ignore line: [Change Dir: /home/kswirydo/hypre-mini-app/src/CMakeFiles/CMakeTmp]
  ignore line: []
  ignore line: [Run Build Command:"/usr/bin/gmake" "cmTC_97ff3/fast"]
  ignore line: [gmake: Warning: File `Makefile' has modification time 204 s in the future]
  ignore line: [/usr/bin/gmake -f CMakeFiles/cmTC_97ff3.dir/build.make CMakeFiles/cmTC_97ff3.dir/build]
  ignore line: [gmake[1]: Entering directory `/home/kswirydo/hypre-mini-app/src/CMakeFiles/CMakeTmp']
  ignore line: [gmake[1]: Warning: File `CMakeFiles/cmTC_97ff3.dir/flags.make' has modification time 204 s in the future]
  ignore line: [Building CXX object CMakeFiles/cmTC_97ff3.dir/CMakeCXXCompilerABI.cpp.o]
  ignore line: [/nopt/nrel/apps/gcc/6.2.0/bin/g++     -o CMakeFiles/cmTC_97ff3.dir/CMakeCXXCompilerABI.cpp.o -c /nopt/nrel/ecom/ecp/base/c/spack/opt/spack/linux-centos7-x86_64/gcc-6.2.0/cmake-3.9.4-mlfh5h3j5ijmflg6iu4eralfojsh3nv3/share/cmake-3.9/Modules/CMakeCXXCompilerABI.cpp]
  ignore line: [Linking CXX executable cmTC_97ff3]
  ignore line: [/nopt/nrel/ecom/ecp/base/c/spack/opt/spack/linux-centos7-x86_64/gcc-6.2.0/cmake-3.9.4-mlfh5h3j5ijmflg6iu4eralfojsh3nv3/bin/cmake -E cmake_link_script CMakeFiles/cmTC_97ff3.dir/link.txt --verbose=1]
  ignore line: [/nopt/nrel/apps/gcc/6.2.0/bin/g++      -v -rdynamic CMakeFiles/cmTC_97ff3.dir/CMakeCXXCompilerABI.cpp.o  -o cmTC_97ff3 ]
  ignore line: [Using built-in specs.]
  ignore line: [COLLECT_GCC=/nopt/nrel/apps/gcc/6.2.0/bin/g++]
  ignore line: [COLLECT_LTO_WRAPPER=/nopt/nrel/apps/gcc/6.2.0/libexec/gcc/x86_64-linux-gnu/6.2.0/lto-wrapper]
  ignore line: [Target: x86_64-linux-gnu]
  ignore line: [Configured with: ../gcc-6.2.0/configure --prefix=/nopt/nrel/apps/gcc/6.2.0 --build=x86_64-linux-gnu --enable-bootstrap --disable-multilib]
  ignore line: [Thread model: posix]
  ignore line: [gcc version 6.2.0 (GCC) ]
  ignore line: [COMPILER_PATH=/nopt/nrel/apps/gcc/6.2.0/libexec/gcc/x86_64-linux-gnu/6.2.0/:/nopt/nrel/apps/gcc/6.2.0/libexec/gcc/x86_64-linux-gnu/6.2.0/:/nopt/nrel/apps/gcc/6.2.0/libexec/gcc/x86_64-linux-gnu/:/nopt/nrel/apps/gcc/6.2.0/lib/gcc/x86_64-linux-gnu/6.2.0/:/nopt/nrel/apps/gcc/6.2.0/lib/gcc/x86_64-linux-gnu/]
  ignore line: [LIBRARY_PATH=/nopt/nrel/ecom/ecp/base/c/spack/opt/spack/linux-centos7-x86_64/gcc-6.2.0/netlib-lapack-3.8.0-n4p7oeohwcmnqejjmdlrl2ai5ttlzksh/lib64/../lib64/:/nopt/nrel/apps/gcc/6.2.0/lib/gcc/x86_64-linux-gnu/6.2.0/:/nopt/nrel/apps/gcc/6.2.0/lib/gcc/x86_64-linux-gnu/6.2.0/../../../../lib64/:/lib/../lib64/:/usr/lib/../lib64/:/nopt/nrel/ecom/ecp/base/c/spack/opt/spack/linux-centos7-x86_64/gcc-6.2.0/netlib-lapack-3.8.0-n4p7oeohwcmnqejjmdlrl2ai5ttlzksh/lib64/:/nopt/nrel/ecom/ecp/base/c/spack/opt/spack/linux-centos7-x86_64/gcc-6.2.0/openmpi-1.10.4-wfmjgcasxkighqrgph37nukffjmtwgif/lib/:/nopt/nrel/ecom/ecp/base/c/spack/opt/spack/linux-centos7-x86_64/gcc-6.2.0/binutils-2.29.1-gtsjgo72yvm3b6bj7lhwtxfnh6nfrkbd/lib/:/nopt/nrel/apps/gcc/6.2.0/lib/gcc/x86_64-linux-gnu/6.2.0/../../../:/lib/:/usr/lib/]
  ignore line: [COLLECT_GCC_OPTIONS='-v' '-rdynamic' '-o' 'cmTC_97ff3' '-shared-libgcc' '-mtune=generic' '-march=x86-64']
  link line: [ /nopt/nrel/apps/gcc/6.2.0/libexec/gcc/x86_64-linux-gnu/6.2.0/collect2 --eh-frame-hdr -m elf_x86_64 -export-dynamic -dynamic-linker /lib64/ld-linux-x86-64.so.2 -o cmTC_97ff3 /lib/../lib64/crt1.o /lib/../lib64/crti.o /nopt/nrel/apps/gcc/6.2.0/lib/gcc/x86_64-linux-gnu/6.2.0/crtbegin.o -L/nopt/nrel/ecom/ecp/base/c/spack/opt/spack/linux-centos7-x86_64/gcc-6.2.0/netlib-lapack-3.8.0-n4p7oeohwcmnqejjmdlrl2ai5ttlzksh/lib64/../lib64 -L/nopt/nrel/apps/gcc/6.2.0/lib/gcc/x86_64-linux-gnu/6.2.0 -L/nopt/nrel/apps/gcc/6.2.0/lib/gcc/x86_64-linux-gnu/6.2.0/../../../../lib64 -L/lib/../lib64 -L/usr/lib/../lib64 -L/nopt/nrel/ecom/ecp/base/c/spack/opt/spack/linux-centos7-x86_64/gcc-6.2.0/netlib-lapack-3.8.0-n4p7oeohwcmnqejjmdlrl2ai5ttlzksh/lib64 -L/nopt/nrel/ecom/ecp/base/c/spack/opt/spack/linux-centos7-x86_64/gcc-6.2.0/openmpi-1.10.4-wfmjgcasxkighqrgph37nukffjmtwgif/lib -L/nopt/nrel/ecom/ecp/base/c/spack/opt/spack/linux-centos7-x86_64/gcc-6.2.0/binutils-2.29.1-gtsjgo72yvm3b6bj7lhwtxfnh6nfrkbd/lib -L/nopt/nrel/apps/gcc/6.2.0/lib/gcc/x86_64-linux-gnu/6.2.0/../../.. CMakeFiles/cmTC_97ff3.dir/CMakeCXXCompilerABI.cpp.o -lstdc++ -lm -lgcc_s -lgcc -lc -lgcc_s -lgcc /nopt/nrel/apps/gcc/6.2.0/lib/gcc/x86_64-linux-gnu/6.2.0/crtend.o /lib/../lib64/crtn.o]
    arg [/nopt/nrel/apps/gcc/6.2.0/libexec/gcc/x86_64-linux-gnu/6.2.0/collect2] ==> ignore
    arg [--eh-frame-hdr] ==> ignore
    arg [-m] ==> ignore
    arg [elf_x86_64] ==> ignore
    arg [-export-dynamic] ==> ignore
    arg [-dynamic-linker] ==> ignore
    arg [/lib64/ld-linux-x86-64.so.2] ==> ignore
    arg [-o] ==> ignore
    arg [cmTC_97ff3] ==> ignore
    arg [/lib/../lib64/crt1.o] ==> ignore
    arg [/lib/../lib64/crti.o] ==> ignore
    arg [/nopt/nrel/apps/gcc/6.2.0/lib/gcc/x86_64-linux-gnu/6.2.0/crtbegin.o] ==> ignore
    arg [-L/nopt/nrel/ecom/ecp/base/c/spack/opt/spack/linux-centos7-x86_64/gcc-6.2.0/netlib-lapack-3.8.0-n4p7oeohwcmnqejjmdlrl2ai5ttlzksh/lib64/../lib64] ==> dir [/nopt/nrel/ecom/ecp/base/c/spack/opt/spack/linux-centos7-x86_64/gcc-6.2.0/netlib-lapack-3.8.0-n4p7oeohwcmnqejjmdlrl2ai5ttlzksh/lib64/../lib64]
    arg [-L/nopt/nrel/apps/gcc/6.2.0/lib/gcc/x86_64-linux-gnu/6.2.0] ==> dir [/nopt/nrel/apps/gcc/6.2.0/lib/gcc/x86_64-linux-gnu/6.2.0]
    arg [-L/nopt/nrel/apps/gcc/6.2.0/lib/gcc/x86_64-linux-gnu/6.2.0/../../../../lib64] ==> dir [/nopt/nrel/apps/gcc/6.2.0/lib/gcc/x86_64-linux-gnu/6.2.0/../../../../lib64]
    arg [-L/lib/../lib64] ==> dir [/lib/../lib64]
    arg [-L/usr/lib/../lib64] ==> dir [/usr/lib/../lib64]
    arg [-L/nopt/nrel/ecom/ecp/base/c/spack/opt/spack/linux-centos7-x86_64/gcc-6.2.0/netlib-lapack-3.8.0-n4p7oeohwcmnqejjmdlrl2ai5ttlzksh/lib64] ==> dir [/nopt/nrel/ecom/ecp/base/c/spack/opt/spack/linux-centos7-x86_64/gcc-6.2.0/netlib-lapack-3.8.0-n4p7oeohwcmnqejjmdlrl2ai5ttlzksh/lib64]
    arg [-L/nopt/nrel/ecom/ecp/base/c/spack/opt/spack/linux-centos7-x86_64/gcc-6.2.0/openmpi-1.10.4-wfmjgcasxkighqrgph37nukffjmtwgif/lib] ==> dir [/nopt/nrel/ecom/ecp/base/c/spack/opt/spack/linux-centos7-x86_64/gcc-6.2.0/openmpi-1.10.4-wfmjgcasxkighqrgph37nukffjmtwgif/lib]
    arg [-L/nopt/nrel/ecom/ecp/base/c/spack/opt/spack/linux-centos7-x86_64/gcc-6.2.0/binutils-2.29.1-gtsjgo72yvm3b6bj7lhwtxfnh6nfrkbd/lib] ==> dir [/nopt/nrel/ecom/ecp/base/c/spack/opt/spack/linux-centos7-x86_64/gcc-6.2.0/binutils-2.29.1-gtsjgo72yvm3b6bj7lhwtxfnh6nfrkbd/lib]
    arg [-L/nopt/nrel/apps/gcc/6.2.0/lib/gcc/x86_64-linux-gnu/6.2.0/../../..] ==> dir [/nopt/nrel/apps/gcc/6.2.0/lib/gcc/x86_64-linux-gnu/6.2.0/../../..]
    arg [CMakeFiles/cmTC_97ff3.dir/CMakeCXXCompilerABI.cpp.o] ==> ignore
    arg [-lstdc++] ==> lib [stdc++]
    arg [-lm] ==> lib [m]
    arg [-lgcc_s] ==> lib [gcc_s]
    arg [-lgcc] ==> lib [gcc]
    arg [-lc] ==> lib [c]
    arg [-lgcc_s] ==> lib [gcc_s]
    arg [-lgcc] ==> lib [gcc]
    arg [/nopt/nrel/apps/gcc/6.2.0/lib/gcc/x86_64-linux-gnu/6.2.0/crtend.o] ==> ignore
    arg [/lib/../lib64/crtn.o] ==> ignore
  collapse library dir [/nopt/nrel/ecom/ecp/base/c/spack/opt/spack/linux-centos7-x86_64/gcc-6.2.0/netlib-lapack-3.8.0-n4p7oeohwcmnqejjmdlrl2ai5ttlzksh/lib64/../lib64] ==> [/nopt/nrel/ecom/ecp/base/c/spack/opt/spack/linux-centos7-x86_64/gcc-6.2.0/netlib-lapack-3.8.0-n4p7oeohwcmnqejjmdlrl2ai5ttlzksh/lib64]
  collapse library dir [/nopt/nrel/apps/gcc/6.2.0/lib/gcc/x86_64-linux-gnu/6.2.0] ==> [/nopt/nrel/apps/gcc/6.2.0/lib/gcc/x86_64-linux-gnu/6.2.0]
  collapse library dir [/nopt/nrel/apps/gcc/6.2.0/lib/gcc/x86_64-linux-gnu/6.2.0/../../../../lib64] ==> [/nopt/nrel/apps/gcc/6.2.0/lib64]
  collapse library dir [/lib/../lib64] ==> [/lib64]
  collapse library dir [/usr/lib/../lib64] ==> [/usr/lib64]
  collapse library dir [/nopt/nrel/ecom/ecp/base/c/spack/opt/spack/linux-centos7-x86_64/gcc-6.2.0/netlib-lapack-3.8.0-n4p7oeohwcmnqejjmdlrl2ai5ttlzksh/lib64] ==> [/nopt/nrel/ecom/ecp/base/c/spack/opt/spack/linux-centos7-x86_64/gcc-6.2.0/netlib-lapack-3.8.0-n4p7oeohwcmnqejjmdlrl2ai5ttlzksh/lib64]
  collapse library dir [/nopt/nrel/ecom/ecp/base/c/spack/opt/spack/linux-centos7-x86_64/gcc-6.2.0/openmpi-1.10.4-wfmjgcasxkighqrgph37nukffjmtwgif/lib] ==> [/nopt/nrel/ecom/ecp/base/c/spack/opt/spack/linux-centos7-x86_64/gcc-6.2.0/openmpi-1.10.4-wfmjgcasxkighqrgph37nukffjmtwgif/lib]
  collapse library dir [/nopt/nrel/ecom/ecp/base/c/spack/opt/spack/linux-centos7-x86_64/gcc-6.2.0/binutils-2.29.1-gtsjgo72yvm3b6bj7lhwtxfnh6nfrkbd/lib] ==> [/nopt/nrel/ecom/ecp/base/c/spack/opt/spack/linux-centos7-x86_64/gcc-6.2.0/binutils-2.29.1-gtsjgo72yvm3b6bj7lhwtxfnh6nfrkbd/lib]
  collapse library dir [/nopt/nrel/apps/gcc/6.2.0/lib/gcc/x86_64-linux-gnu/6.2.0/../../..] ==> [/nopt/nrel/apps/gcc/6.2.0/lib]
  implicit libs: [stdc++;m;gcc_s;gcc;c;gcc_s;gcc]
  implicit dirs: [/nopt/nrel/ecom/ecp/base/c/spack/opt/spack/linux-centos7-x86_64/gcc-6.2.0/netlib-lapack-3.8.0-n4p7oeohwcmnqejjmdlrl2ai5ttlzksh/lib64;/nopt/nrel/apps/gcc/6.2.0/lib/gcc/x86_64-linux-gnu/6.2.0;/nopt/nrel/apps/gcc/6.2.0/lib64;/lib64;/usr/lib64;/nopt/nrel/ecom/ecp/base/c/spack/opt/spack/linux-centos7-x86_64/gcc-6.2.0/openmpi-1.10.4-wfmjgcasxkighqrgph37nukffjmtwgif/lib;/nopt/nrel/ecom/ecp/base/c/spack/opt/spack/linux-centos7-x86_64/gcc-6.2.0/binutils-2.29.1-gtsjgo72yvm3b6bj7lhwtxfnh6nfrkbd/lib;/nopt/nrel/apps/gcc/6.2.0/lib]
  implicit fwks: []




Detecting CXX [-std=c++1z] compiler features compiled with the following output:
Change Dir: /home/kswirydo/hypre-mini-app/src/CMakeFiles/CMakeTmp

Run Build Command:"/usr/bin/gmake" "cmTC_6ef65/fast"
gmake: Warning: File `Makefile' has modification time 204 s in the future
/usr/bin/gmake -f CMakeFiles/cmTC_6ef65.dir/build.make CMakeFiles/cmTC_6ef65.dir/build
gmake[1]: Entering directory `/home/kswirydo/hypre-mini-app/src/CMakeFiles/CMakeTmp'
gmake[1]: Warning: File `CMakeFiles/cmTC_6ef65.dir/flags.make' has modification time 204 s in the future
Building CXX object CMakeFiles/cmTC_6ef65.dir/feature_tests.cxx.o
/nopt/nrel/apps/gcc/6.2.0/bin/g++    -std=c++1z -o CMakeFiles/cmTC_6ef65.dir/feature_tests.cxx.o -c /home/kswirydo/hypre-mini-app/src/CMakeFiles/feature_tests.cxx
Linking CXX executable cmTC_6ef65
/nopt/nrel/ecom/ecp/base/c/spack/opt/spack/linux-centos7-x86_64/gcc-6.2.0/cmake-3.9.4-mlfh5h3j5ijmflg6iu4eralfojsh3nv3/bin/cmake -E cmake_link_script CMakeFiles/cmTC_6ef65.dir/link.txt --verbose=1
/nopt/nrel/apps/gcc/6.2.0/bin/g++       -rdynamic CMakeFiles/cmTC_6ef65.dir/feature_tests.cxx.o  -o cmTC_6ef65 
gmake[1]: warning:  Clock skew detected.  Your build may be incomplete.
gmake[1]: Leaving directory `/home/kswirydo/hypre-mini-app/src/CMakeFiles/CMakeTmp'
gmake: warning:  Clock skew detected.  Your build may be incomplete.


    Feature record: CXX_FEATURE:1cxx_aggregate_default_initializers
    Feature record: CXX_FEATURE:1cxx_alias_templates
    Feature record: CXX_FEATURE:1cxx_alignas
    Feature record: CXX_FEATURE:1cxx_alignof
    Feature record: CXX_FEATURE:1cxx_attributes
    Feature record: CXX_FEATURE:1cxx_attribute_deprecated
    Feature record: CXX_FEATURE:1cxx_auto_type
    Feature record: CXX_FEATURE:1cxx_binary_literals
    Feature record: CXX_FEATURE:1cxx_constexpr
    Feature record: CXX_FEATURE:1cxx_contextual_conversions
    Feature record: CXX_FEATURE:1cxx_decltype
    Feature record: CXX_FEATURE:1cxx_decltype_auto
    Feature record: CXX_FEATURE:1cxx_decltype_incomplete_return_types
    Feature record: CXX_FEATURE:1cxx_default_function_template_args
    Feature record: CXX_FEATURE:1cxx_defaulted_functions
    Feature record: CXX_FEATURE:1cxx_defaulted_move_initializers
    Feature record: CXX_FEATURE:1cxx_delegating_constructors
    Feature record: CXX_FEATURE:1cxx_deleted_functions
    Feature record: CXX_FEATURE:1cxx_digit_separators
    Feature record: CXX_FEATURE:1cxx_enum_forward_declarations
    Feature record: CXX_FEATURE:1cxx_explicit_conversions
    Feature record: CXX_FEATURE:1cxx_extended_friend_declarations
    Feature record: CXX_FEATURE:1cxx_extern_templates
    Feature record: CXX_FEATURE:1cxx_final
    Feature record: CXX_FEATURE:1cxx_func_identifier
    Feature record: CXX_FEATURE:1cxx_generalized_initializers
    Feature record: CXX_FEATURE:1cxx_generic_lambdas
    Feature record: CXX_FEATURE:1cxx_inheriting_constructors
    Feature record: CXX_FEATURE:1cxx_inline_namespaces
    Feature record: CXX_FEATURE:1cxx_lambdas
    Feature record: CXX_FEATURE:1cxx_lambda_init_captures
    Feature record: CXX_FEATURE:1cxx_local_type_template_args
    Feature record: CXX_FEATURE:1cxx_long_long_type
    Feature record: CXX_FEATURE:1cxx_noexcept
    Feature record: CXX_FEATURE:1cxx_nonstatic_member_init
    Feature record: CXX_FEATURE:1cxx_nullptr
    Feature record: CXX_FEATURE:1cxx_override
    Feature record: CXX_FEATURE:1cxx_range_for
    Feature record: CXX_FEATURE:1cxx_raw_string_literals
    Feature record: CXX_FEATURE:1cxx_reference_qualified_functions
    Feature record: CXX_FEATURE:1cxx_relaxed_constexpr
    Feature record: CXX_FEATURE:1cxx_return_type_deduction
    Feature record: CXX_FEATURE:1cxx_right_angle_brackets
    Feature record: CXX_FEATURE:1cxx_rvalue_references
    Feature record: CXX_FEATURE:1cxx_sizeof_member
    Feature record: CXX_FEATURE:1cxx_static_assert
    Feature record: CXX_FEATURE:1cxx_strong_enums
    Feature record: CXX_FEATURE:1cxx_template_template_parameters
    Feature record: CXX_FEATURE:1cxx_thread_local
    Feature record: CXX_FEATURE:1cxx_trailing_return_types
    Feature record: CXX_FEATURE:1cxx_unicode_literals
    Feature record: CXX_FEATURE:1cxx_uniform_initialization
    Feature record: CXX_FEATURE:1cxx_unrestricted_unions
    Feature record: CXX_FEATURE:1cxx_user_literals
    Feature record: CXX_FEATURE:1cxx_variable_templates
    Feature record: CXX_FEATURE:1cxx_variadic_macros
    Feature record: CXX_FEATURE:1cxx_variadic_templates


Detecting CXX [-std=c++14] compiler features compiled with the following output:
Change Dir: /home/kswirydo/hypre-mini-app/src/CMakeFiles/CMakeTmp

Run Build Command:"/usr/bin/gmake" "cmTC_bb0d9/fast"
gmake: Warning: File `Makefile' has modification time 204 s in the future
/usr/bin/gmake -f CMakeFiles/cmTC_bb0d9.dir/build.make CMakeFiles/cmTC_bb0d9.dir/build
gmake[1]: Entering directory `/home/kswirydo/hypre-mini-app/src/CMakeFiles/CMakeTmp'
gmake[1]: Warning: File `CMakeFiles/cmTC_bb0d9.dir/flags.make' has modification time 204 s in the future
Building CXX object CMakeFiles/cmTC_bb0d9.dir/feature_tests.cxx.o
/nopt/nrel/apps/gcc/6.2.0/bin/g++    -std=c++14 -o CMakeFiles/cmTC_bb0d9.dir/feature_tests.cxx.o -c /home/kswirydo/hypre-mini-app/src/CMakeFiles/feature_tests.cxx
Linking CXX executable cmTC_bb0d9
/nopt/nrel/ecom/ecp/base/c/spack/opt/spack/linux-centos7-x86_64/gcc-6.2.0/cmake-3.9.4-mlfh5h3j5ijmflg6iu4eralfojsh3nv3/bin/cmake -E cmake_link_script CMakeFiles/cmTC_bb0d9.dir/link.txt --verbose=1
/nopt/nrel/apps/gcc/6.2.0/bin/g++       -rdynamic CMakeFiles/cmTC_bb0d9.dir/feature_tests.cxx.o  -o cmTC_bb0d9 
gmake[1]: warning:  Clock skew detected.  Your build may be incomplete.
gmake[1]: Leaving directory `/home/kswirydo/hypre-mini-app/src/CMakeFiles/CMakeTmp'
gmake: warning:  Clock skew detected.  Your build may be incomplete.


    Feature record: CXX_FEATURE:1cxx_aggregate_default_initializers
    Feature record: CXX_FEATURE:1cxx_alias_templates
    Feature record: CXX_FEATURE:1cxx_alignas
    Feature record: CXX_FEATURE:1cxx_alignof
    Feature record: CXX_FEATURE:1cxx_attributes
    Feature record: CXX_FEATURE:1cxx_attribute_deprecated
    Feature record: CXX_FEATURE:1cxx_auto_type
    Feature record: CXX_FEATURE:1cxx_binary_literals
    Feature record: CXX_FEATURE:1cxx_constexpr
    Feature record: CXX_FEATURE:1cxx_contextual_conversions
    Feature record: CXX_FEATURE:1cxx_decltype
    Feature record: CXX_FEATURE:1cxx_decltype_auto
    Feature record: CXX_FEATURE:1cxx_decltype_incomplete_return_types
    Feature record: CXX_FEATURE:1cxx_default_function_template_args
    Feature record: CXX_FEATURE:1cxx_defaulted_functions
    Feature record: CXX_FEATURE:1cxx_defaulted_move_initializers
    Feature record: CXX_FEATURE:1cxx_delegating_constructors
    Feature record: CXX_FEATURE:1cxx_deleted_functions
    Feature record: CXX_FEATURE:1cxx_digit_separators
    Feature record: CXX_FEATURE:1cxx_enum_forward_declarations
    Feature record: CXX_FEATURE:1cxx_explicit_conversions
    Feature record: CXX_FEATURE:1cxx_extended_friend_declarations
    Feature record: CXX_FEATURE:1cxx_extern_templates
    Feature record: CXX_FEATURE:1cxx_final
    Feature record: CXX_FEATURE:1cxx_func_identifier
    Feature record: CXX_FEATURE:1cxx_generalized_initializers
    Feature record: CXX_FEATURE:1cxx_generic_lambdas
    Feature record: CXX_FEATURE:1cxx_inheriting_constructors
    Feature record: CXX_FEATURE:1cxx_inline_namespaces
    Feature record: CXX_FEATURE:1cxx_lambdas
    Feature record: CXX_FEATURE:1cxx_lambda_init_captures
    Feature record: CXX_FEATURE:1cxx_local_type_template_args
    Feature record: CXX_FEATURE:1cxx_long_long_type
    Feature record: CXX_FEATURE:1cxx_noexcept
    Feature record: CXX_FEATURE:1cxx_nonstatic_member_init
    Feature record: CXX_FEATURE:1cxx_nullptr
    Feature record: CXX_FEATURE:1cxx_override
    Feature record: CXX_FEATURE:1cxx_range_for
    Feature record: CXX_FEATURE:1cxx_raw_string_literals
    Feature record: CXX_FEATURE:1cxx_reference_qualified_functions
    Feature record: CXX_FEATURE:1cxx_relaxed_constexpr
    Feature record: CXX_FEATURE:1cxx_return_type_deduction
    Feature record: CXX_FEATURE:1cxx_right_angle_brackets
    Feature record: CXX_FEATURE:1cxx_rvalue_references
    Feature record: CXX_FEATURE:1cxx_sizeof_member
    Feature record: CXX_FEATURE:1cxx_static_assert
    Feature record: CXX_FEATURE:1cxx_strong_enums
    Feature record: CXX_FEATURE:1cxx_template_template_parameters
    Feature record: CXX_FEATURE:1cxx_thread_local
    Feature record: CXX_FEATURE:1cxx_trailing_return_types
    Feature record: CXX_FEATURE:1cxx_unicode_literals
    Feature record: CXX_FEATURE:1cxx_uniform_initialization
    Feature record: CXX_FEATURE:1cxx_unrestricted_unions
    Feature record: CXX_FEATURE:1cxx_user_literals
    Feature record: CXX_FEATURE:1cxx_variable_templates
    Feature record: CXX_FEATURE:1cxx_variadic_macros
    Feature record: CXX_FEATURE:1cxx_variadic_templates


Detecting CXX [-std=c++11] compiler features compiled with the following output:
Change Dir: /home/kswirydo/hypre-mini-app/src/CMakeFiles/CMakeTmp

Run Build Command:"/usr/bin/gmake" "cmTC_35d8d/fast"
gmake: Warning: File `Makefile' has modification time 204 s in the future
/usr/bin/gmake -f CMakeFiles/cmTC_35d8d.dir/build.make CMakeFiles/cmTC_35d8d.dir/build
gmake[1]: Entering directory `/home/kswirydo/hypre-mini-app/src/CMakeFiles/CMakeTmp'
gmake[1]: Warning: File `CMakeFiles/cmTC_35d8d.dir/flags.make' has modification time 204 s in the future
Building CXX object CMakeFiles/cmTC_35d8d.dir/feature_tests.cxx.o
/nopt/nrel/apps/gcc/6.2.0/bin/g++    -std=c++11 -o CMakeFiles/cmTC_35d8d.dir/feature_tests.cxx.o -c /home/kswirydo/hypre-mini-app/src/CMakeFiles/feature_tests.cxx
Linking CXX executable cmTC_35d8d
/nopt/nrel/ecom/ecp/base/c/spack/opt/spack/linux-centos7-x86_64/gcc-6.2.0/cmake-3.9.4-mlfh5h3j5ijmflg6iu4eralfojsh3nv3/bin/cmake -E cmake_link_script CMakeFiles/cmTC_35d8d.dir/link.txt --verbose=1
/nopt/nrel/apps/gcc/6.2.0/bin/g++       -rdynamic CMakeFiles/cmTC_35d8d.dir/feature_tests.cxx.o  -o cmTC_35d8d 
gmake[1]: warning:  Clock skew detected.  Your build may be incomplete.
gmake[1]: Leaving directory `/home/kswirydo/hypre-mini-app/src/CMakeFiles/CMakeTmp'
gmake: warning:  Clock skew detected.  Your build may be incomplete.


    Feature record: CXX_FEATURE:0cxx_aggregate_default_initializers
    Feature record: CXX_FEATURE:1cxx_alias_templates
    Feature record: CXX_FEATURE:1cxx_alignas
    Feature record: CXX_FEATURE:1cxx_alignof
    Feature record: CXX_FEATURE:1cxx_attributes
    Feature record: CXX_FEATURE:0cxx_attribute_deprecated
    Feature record: CXX_FEATURE:1cxx_auto_type
    Feature record: CXX_FEATURE:0cxx_binary_literals
    Feature record: CXX_FEATURE:1cxx_constexpr
    Feature record: CXX_FEATURE:0cxx_contextual_conversions
    Feature record: CXX_FEATURE:1cxx_decltype
    Feature record: CXX_FEATURE:0cxx_decltype_auto
    Feature record: CXX_FEATURE:1cxx_decltype_incomplete_return_types
    Feature record: CXX_FEATURE:1cxx_default_function_template_args
    Feature record: CXX_FEATURE:1cxx_defaulted_functions
    Feature record: CXX_FEATURE:1cxx_defaulted_move_initializers
    Feature record: CXX_FEATURE:1cxx_delegating_constructors
    Feature record: CXX_FEATURE:1cxx_deleted_functions
    Feature record: CXX_FEATURE:0cxx_digit_separators
    Feature record: CXX_FEATURE:1cxx_enum_forward_declarations
    Feature record: CXX_FEATURE:1cxx_explicit_conversions
    Feature record: CXX_FEATURE:1cxx_extended_friend_declarations
    Feature record: CXX_FEATURE:1cxx_extern_templates
    Feature record: CXX_FEATURE:1cxx_final
    Feature record: CXX_FEATURE:1cxx_func_identifier
    Feature record: CXX_FEATURE:1cxx_generalized_initializers
    Feature record: CXX_FEATURE:0cxx_generic_lambdas
    Feature record: CXX_FEATURE:1cxx_inheriting_constructors
    Feature record: CXX_FEATURE:1cxx_inline_namespaces
    Feature record: CXX_FEATURE:1cxx_lambdas
    Feature record: CXX_FEATURE:0cxx_lambda_init_captures
    Feature record: CXX_FEATURE:1cxx_local_type_template_args
    Feature record: CXX_FEATURE:1cxx_long_long_type
    Feature record: CXX_FEATURE:1cxx_noexcept
    Feature record: CXX_FEATURE:1cxx_nonstatic_member_init
    Feature record: CXX_FEATURE:1cxx_nullptr
    Feature record: CXX_FEATURE:1cxx_override
    Feature record: CXX_FEATURE:1cxx_range_for
    Feature record: CXX_FEATURE:1cxx_raw_string_literals
    Feature record: CXX_FEATURE:1cxx_reference_qualified_functions
    Feature record: CXX_FEATURE:0cxx_relaxed_constexpr
    Feature record: CXX_FEATURE:0cxx_return_type_deduction
    Feature record: CXX_FEATURE:1cxx_right_angle_brackets
    Feature record: CXX_FEATURE:1cxx_rvalue_references
    Feature record: CXX_FEATURE:1cxx_sizeof_member
    Feature record: CXX_FEATURE:1cxx_static_assert
    Feature record: CXX_FEATURE:1cxx_strong_enums
    Feature record: CXX_FEATURE:1cxx_template_template_parameters
    Feature record: CXX_FEATURE:1cxx_thread_local
    Feature record: CXX_FEATURE:1cxx_trailing_return_types
    Feature record: CXX_FEATURE:1cxx_unicode_literals
    Feature record: CXX_FEATURE:1cxx_uniform_initialization
    Feature record: CXX_FEATURE:1cxx_unrestricted_unions
    Feature record: CXX_FEATURE:1cxx_user_literals
    Feature record: CXX_FEATURE:0cxx_variable_templates
    Feature record: CXX_FEATURE:1cxx_variadic_macros
    Feature record: CXX_FEATURE:1cxx_variadic_templates


Detecting CXX [-std=c++98] compiler features compiled with the following output:
Change Dir: /home/kswirydo/hypre-mini-app/src/CMakeFiles/CMakeTmp

Run Build Command:"/usr/bin/gmake" "cmTC_66c8b/fast"
gmake: Warning: File `Makefile' has modification time 204 s in the future
/usr/bin/gmake -f CMakeFiles/cmTC_66c8b.dir/build.make CMakeFiles/cmTC_66c8b.dir/build
gmake[1]: Entering directory `/home/kswirydo/hypre-mini-app/src/CMakeFiles/CMakeTmp'
gmake[1]: Warning: File `CMakeFiles/cmTC_66c8b.dir/flags.make' has modification time 204 s in the future
Building CXX object CMakeFiles/cmTC_66c8b.dir/feature_tests.cxx.o
/nopt/nrel/apps/gcc/6.2.0/bin/g++    -std=c++98 -o CMakeFiles/cmTC_66c8b.dir/feature_tests.cxx.o -c /home/kswirydo/hypre-mini-app/src/CMakeFiles/feature_tests.cxx
Linking CXX executable cmTC_66c8b
/nopt/nrel/ecom/ecp/base/c/spack/opt/spack/linux-centos7-x86_64/gcc-6.2.0/cmake-3.9.4-mlfh5h3j5ijmflg6iu4eralfojsh3nv3/bin/cmake -E cmake_link_script CMakeFiles/cmTC_66c8b.dir/link.txt --verbose=1
/nopt/nrel/apps/gcc/6.2.0/bin/g++       -rdynamic CMakeFiles/cmTC_66c8b.dir/feature_tests.cxx.o  -o cmTC_66c8b 
gmake[1]: warning:  Clock skew detected.  Your build may be incomplete.
gmake[1]: Leaving directory `/home/kswirydo/hypre-mini-app/src/CMakeFiles/CMakeTmp'
gmake: warning:  Clock skew detected.  Your build may be incomplete.


    Feature record: CXX_FEATURE:0cxx_aggregate_default_initializers
    Feature record: CXX_FEATURE:0cxx_alias_templates
    Feature record: CXX_FEATURE:0cxx_alignas
    Feature record: CXX_FEATURE:0cxx_alignof
    Feature record: CXX_FEATURE:0cxx_attributes
    Feature record: CXX_FEATURE:0cxx_attribute_deprecated
    Feature record: CXX_FEATURE:0cxx_auto_type
    Feature record: CXX_FEATURE:0cxx_binary_literals
    Feature record: CXX_FEATURE:0cxx_constexpr
    Feature record: CXX_FEATURE:0cxx_contextual_conversions
    Feature record: CXX_FEATURE:0cxx_decltype
    Feature record: CXX_FEATURE:0cxx_decltype_auto
    Feature record: CXX_FEATURE:0cxx_decltype_incomplete_return_types
    Feature record: CXX_FEATURE:0cxx_default_function_template_args
    Feature record: CXX_FEATURE:0cxx_defaulted_functions
    Feature record: CXX_FEATURE:0cxx_defaulted_move_initializers
    Feature record: CXX_FEATURE:0cxx_delegating_constructors
    Feature record: CXX_FEATURE:0cxx_deleted_functions
    Feature record: CXX_FEATURE:0cxx_digit_separators
    Feature record: CXX_FEATURE:0cxx_enum_forward_declarations
    Feature record: CXX_FEATURE:0cxx_explicit_conversions
    Feature record: CXX_FEATURE:0cxx_extended_friend_declarations
    Feature record: CXX_FEATURE:0cxx_extern_templates
    Feature record: CXX_FEATURE:0cxx_final
    Feature record: CXX_FEATURE:0cxx_func_identifier
    Feature record: CXX_FEATURE:0cxx_generalized_initializers
    Feature record: CXX_FEATURE:0cxx_generic_lambdas
    Feature record: CXX_FEATURE:0cxx_inheriting_constructors
    Feature record: CXX_FEATURE:0cxx_inline_namespaces
    Feature record: CXX_FEATURE:0cxx_lambdas
    Feature record: CXX_FEATURE:0cxx_lambda_init_captures
    Feature record: CXX_FEATURE:0cxx_local_type_template_args
    Feature record: CXX_FEATURE:0cxx_long_long_type
    Feature record: CXX_FEATURE:0cxx_noexcept
    Feature record: CXX_FEATURE:0cxx_nonstatic_member_init
    Feature record: CXX_FEATURE:0cxx_nullptr
    Feature record: CXX_FEATURE:0cxx_override
    Feature record: CXX_FEATURE:0cxx_range_for
    Feature record: CXX_FEATURE:0cxx_raw_string_literals
    Feature record: CXX_FEATURE:0cxx_reference_qualified_functions
    Feature record: CXX_FEATURE:0cxx_relaxed_constexpr
    Feature record: CXX_FEATURE:0cxx_return_type_deduction
    Feature record: CXX_FEATURE:0cxx_right_angle_brackets
    Feature record: CXX_FEATURE:0cxx_rvalue_references
    Feature record: CXX_FEATURE:0cxx_sizeof_member
    Feature record: CXX_FEATURE:0cxx_static_assert
    Feature record: CXX_FEATURE:0cxx_strong_enums
    Feature record: CXX_FEATURE:1cxx_template_template_parameters
    Feature record: CXX_FEATURE:0cxx_thread_local
    Feature record: CXX_FEATURE:0cxx_trailing_return_types
    Feature record: CXX_FEATURE:0cxx_unicode_literals
    Feature record: CXX_FEATURE:0cxx_uniform_initialization
    Feature record: CXX_FEATURE:0cxx_unrestricted_unions
    Feature record: CXX_FEATURE:0cxx_user_literals
    Feature record: CXX_FEATURE:0cxx_variable_templates
    Feature record: CXX_FEATURE:0cxx_variadic_macros
    Feature record: CXX_FEATURE:0cxx_variadic_templates
Determining if the C compiler works passed with the following output:
Change Dir: /home/kswirydo/hypre-mini-app/src/CMakeFiles/CMakeTmp

Run Build Command:"/usr/bin/gmake" "cmTC_c7873/fast"
gmake: Warning: File `Makefile' has modification time 204 s in the future
/usr/bin/gmake -f CMakeFiles/cmTC_c7873.dir/build.make CMakeFiles/cmTC_c7873.dir/build
gmake[1]: Entering directory `/home/kswirydo/hypre-mini-app/src/CMakeFiles/CMakeTmp'
gmake[1]: Warning: File `CMakeFiles/cmTC_c7873.dir/flags.make' has modification time 204 s in the future
Building C object CMakeFiles/cmTC_c7873.dir/testCCompiler.c.o
/nopt/nrel/apps/gcc/6.2.0/bin/gcc    -o CMakeFiles/cmTC_c7873.dir/testCCompiler.c.o   -c /home/kswirydo/hypre-mini-app/src/CMakeFiles/CMakeTmp/testCCompiler.c
Linking C executable cmTC_c7873
/nopt/nrel/ecom/ecp/base/c/spack/opt/spack/linux-centos7-x86_64/gcc-6.2.0/cmake-3.9.4-mlfh5h3j5ijmflg6iu4eralfojsh3nv3/bin/cmake -E cmake_link_script CMakeFiles/cmTC_c7873.dir/link.txt --verbose=1
/nopt/nrel/apps/gcc/6.2.0/bin/gcc      -rdynamic CMakeFiles/cmTC_c7873.dir/testCCompiler.c.o  -o cmTC_c7873 
gmake[1]: warning:  Clock skew detected.  Your build may be incomplete.
gmake[1]: Leaving directory `/home/kswirydo/hypre-mini-app/src/CMakeFiles/CMakeTmp'
gmake: warning:  Clock skew detected.  Your build may be incomplete.


Detecting C compiler ABI info compiled with the following output:
Change Dir: /home/kswirydo/hypre-mini-app/src/CMakeFiles/CMakeTmp

Run Build Command:"/usr/bin/gmake" "cmTC_6613e/fast"
gmake: Warning: File `Makefile' has modification time 204 s in the future
/usr/bin/gmake -f CMakeFiles/cmTC_6613e.dir/build.make CMakeFiles/cmTC_6613e.dir/build
gmake[1]: Entering directory `/home/kswirydo/hypre-mini-app/src/CMakeFiles/CMakeTmp'
gmake[1]: Warning: File `CMakeFiles/cmTC_6613e.dir/flags.make' has modification time 204 s in the future
Building C object CMakeFiles/cmTC_6613e.dir/CMakeCCompilerABI.c.o
/nopt/nrel/apps/gcc/6.2.0/bin/gcc    -o CMakeFiles/cmTC_6613e.dir/CMakeCCompilerABI.c.o   -c /nopt/nrel/ecom/ecp/base/c/spack/opt/spack/linux-centos7-x86_64/gcc-6.2.0/cmake-3.9.4-mlfh5h3j5ijmflg6iu4eralfojsh3nv3/share/cmake-3.9/Modules/CMakeCCompilerABI.c
Linking C executable cmTC_6613e
/nopt/nrel/ecom/ecp/base/c/spack/opt/spack/linux-centos7-x86_64/gcc-6.2.0/cmake-3.9.4-mlfh5h3j5ijmflg6iu4eralfojsh3nv3/bin/cmake -E cmake_link_script CMakeFiles/cmTC_6613e.dir/link.txt --verbose=1
/nopt/nrel/apps/gcc/6.2.0/bin/gcc     -v -rdynamic CMakeFiles/cmTC_6613e.dir/CMakeCCompilerABI.c.o  -o cmTC_6613e 
Using built-in specs.
COLLECT_GCC=/nopt/nrel/apps/gcc/6.2.0/bin/gcc
COLLECT_LTO_WRAPPER=/nopt/nrel/apps/gcc/6.2.0/libexec/gcc/x86_64-linux-gnu/6.2.0/lto-wrapper
Target: x86_64-linux-gnu
Configured with: ../gcc-6.2.0/configure --prefix=/nopt/nrel/apps/gcc/6.2.0 --build=x86_64-linux-gnu --enable-bootstrap --disable-multilib
Thread model: posix
gcc version 6.2.0 (GCC) 
COMPILER_PATH=/nopt/nrel/apps/gcc/6.2.0/libexec/gcc/x86_64-linux-gnu/6.2.0/:/nopt/nrel/apps/gcc/6.2.0/libexec/gcc/x86_64-linux-gnu/6.2.0/:/nopt/nrel/apps/gcc/6.2.0/libexec/gcc/x86_64-linux-gnu/:/nopt/nrel/apps/gcc/6.2.0/lib/gcc/x86_64-linux-gnu/6.2.0/:/nopt/nrel/apps/gcc/6.2.0/lib/gcc/x86_64-linux-gnu/
LIBRARY_PATH=/nopt/nrel/ecom/ecp/base/c/spack/opt/spack/linux-centos7-x86_64/gcc-6.2.0/netlib-lapack-3.8.0-n4p7oeohwcmnqejjmdlrl2ai5ttlzksh/lib64/../lib64/:/nopt/nrel/apps/gcc/6.2.0/lib/gcc/x86_64-linux-gnu/6.2.0/:/nopt/nrel/apps/gcc/6.2.0/lib/gcc/x86_64-linux-gnu/6.2.0/../../../../lib64/:/lib/../lib64/:/usr/lib/../lib64/:/nopt/nrel/ecom/ecp/base/c/spack/opt/spack/linux-centos7-x86_64/gcc-6.2.0/netlib-lapack-3.8.0-n4p7oeohwcmnqejjmdlrl2ai5ttlzksh/lib64/:/nopt/nrel/ecom/ecp/base/c/spack/opt/spack/linux-centos7-x86_64/gcc-6.2.0/openmpi-1.10.4-wfmjgcasxkighqrgph37nukffjmtwgif/lib/:/nopt/nrel/ecom/ecp/base/c/spack/opt/spack/linux-centos7-x86_64/gcc-6.2.0/binutils-2.29.1-gtsjgo72yvm3b6bj7lhwtxfnh6nfrkbd/lib/:/nopt/nrel/apps/gcc/6.2.0/lib/gcc/x86_64-linux-gnu/6.2.0/../../../:/lib/:/usr/lib/
COLLECT_GCC_OPTIONS='-v' '-rdynamic' '-o' 'cmTC_6613e' '-mtune=generic' '-march=x86-64'
 /nopt/nrel/apps/gcc/6.2.0/libexec/gcc/x86_64-linux-gnu/6.2.0/collect2 --eh-frame-hdr -m elf_x86_64 -export-dynamic -dynamic-linker /lib64/ld-linux-x86-64.so.2 -o cmTC_6613e /lib/../lib64/crt1.o /lib/../lib64/crti.o /nopt/nrel/apps/gcc/6.2.0/lib/gcc/x86_64-linux-gnu/6.2.0/crtbegin.o -L/nopt/nrel/ecom/ecp/base/c/spack/opt/spack/linux-centos7-x86_64/gcc-6.2.0/netlib-lapack-3.8.0-n4p7oeohwcmnqejjmdlrl2ai5ttlzksh/lib64/../lib64 -L/nopt/nrel/apps/gcc/6.2.0/lib/gcc/x86_64-linux-gnu/6.2.0 -L/nopt/nrel/apps/gcc/6.2.0/lib/gcc/x86_64-linux-gnu/6.2.0/../../../../lib64 -L/lib/../lib64 -L/usr/lib/../lib64 -L/nopt/nrel/ecom/ecp/base/c/spack/opt/spack/linux-centos7-x86_64/gcc-6.2.0/netlib-lapack-3.8.0-n4p7oeohwcmnqejjmdlrl2ai5ttlzksh/lib64 -L/nopt/nrel/ecom/ecp/base/c/spack/opt/spack/linux-centos7-x86_64/gcc-6.2.0/openmpi-1.10.4-wfmjgcasxkighqrgph37nukffjmtwgif/lib -L/nopt/nrel/ecom/ecp/base/c/spack/opt/spack/linux-centos7-x86_64/gcc-6.2.0/binutils-2.29.1-gtsjgo72yvm3b6bj7lhwtxfnh6nfrkbd/lib -L/nopt/nrel/apps/gcc/6.2.0/lib/gcc/x86_64-linux-gnu/6.2.0/../../.. CMakeFiles/cmTC_6613e.dir/CMakeCCompilerABI.c.o -lgcc --as-needed -lgcc_s --no-as-needed -lc -lgcc --as-needed -lgcc_s --no-as-needed /nopt/nrel/apps/gcc/6.2.0/lib/gcc/x86_64-linux-gnu/6.2.0/crtend.o /lib/../lib64/crtn.o
COLLECT_GCC_OPTIONS='-v' '-rdynamic' '-o' 'cmTC_6613e' '-mtune=generic' '-march=x86-64'
gmake[1]: warning:  Clock skew detected.  Your build may be incomplete.
gmake[1]: Leaving directory `/home/kswirydo/hypre-mini-app/src/CMakeFiles/CMakeTmp'
gmake: warning:  Clock skew detected.  Your build may be incomplete.


Parsed C implicit link information from above output:
  link line regex: [^( *|.*[/\])(ld|CMAKE_LINK_STARTFILE-NOTFOUND|([^/\]+-)?ld|collect2)[^/\]*( |$)]
  ignore line: [Change Dir: /home/kswirydo/hypre-mini-app/src/CMakeFiles/CMakeTmp]
  ignore line: []
  ignore line: [Run Build Command:"/usr/bin/gmake" "cmTC_6613e/fast"]
  ignore line: [gmake: Warning: File `Makefile' has modification time 204 s in the future]
  ignore line: [/usr/bin/gmake -f CMakeFiles/cmTC_6613e.dir/build.make CMakeFiles/cmTC_6613e.dir/build]
  ignore line: [gmake[1]: Entering directory `/home/kswirydo/hypre-mini-app/src/CMakeFiles/CMakeTmp']
  ignore line: [gmake[1]: Warning: File `CMakeFiles/cmTC_6613e.dir/flags.make' has modification time 204 s in the future]
  ignore line: [Building C object CMakeFiles/cmTC_6613e.dir/CMakeCCompilerABI.c.o]
  ignore line: [/nopt/nrel/apps/gcc/6.2.0/bin/gcc    -o CMakeFiles/cmTC_6613e.dir/CMakeCCompilerABI.c.o   -c /nopt/nrel/ecom/ecp/base/c/spack/opt/spack/linux-centos7-x86_64/gcc-6.2.0/cmake-3.9.4-mlfh5h3j5ijmflg6iu4eralfojsh3nv3/share/cmake-3.9/Modules/CMakeCCompilerABI.c]
  ignore line: [Linking C executable cmTC_6613e]
  ignore line: [/nopt/nrel/ecom/ecp/base/c/spack/opt/spack/linux-centos7-x86_64/gcc-6.2.0/cmake-3.9.4-mlfh5h3j5ijmflg6iu4eralfojsh3nv3/bin/cmake -E cmake_link_script CMakeFiles/cmTC_6613e.dir/link.txt --verbose=1]
  ignore line: [/nopt/nrel/apps/gcc/6.2.0/bin/gcc     -v -rdynamic CMakeFiles/cmTC_6613e.dir/CMakeCCompilerABI.c.o  -o cmTC_6613e ]
  ignore line: [Using built-in specs.]
  ignore line: [COLLECT_GCC=/nopt/nrel/apps/gcc/6.2.0/bin/gcc]
  ignore line: [COLLECT_LTO_WRAPPER=/nopt/nrel/apps/gcc/6.2.0/libexec/gcc/x86_64-linux-gnu/6.2.0/lto-wrapper]
  ignore line: [Target: x86_64-linux-gnu]
  ignore line: [Configured with: ../gcc-6.2.0/configure --prefix=/nopt/nrel/apps/gcc/6.2.0 --build=x86_64-linux-gnu --enable-bootstrap --disable-multilib]
  ignore line: [Thread model: posix]
  ignore line: [gcc version 6.2.0 (GCC) ]
  ignore line: [COMPILER_PATH=/nopt/nrel/apps/gcc/6.2.0/libexec/gcc/x86_64-linux-gnu/6.2.0/:/nopt/nrel/apps/gcc/6.2.0/libexec/gcc/x86_64-linux-gnu/6.2.0/:/nopt/nrel/apps/gcc/6.2.0/libexec/gcc/x86_64-linux-gnu/:/nopt/nrel/apps/gcc/6.2.0/lib/gcc/x86_64-linux-gnu/6.2.0/:/nopt/nrel/apps/gcc/6.2.0/lib/gcc/x86_64-linux-gnu/]
  ignore line: [LIBRARY_PATH=/nopt/nrel/ecom/ecp/base/c/spack/opt/spack/linux-centos7-x86_64/gcc-6.2.0/netlib-lapack-3.8.0-n4p7oeohwcmnqejjmdlrl2ai5ttlzksh/lib64/../lib64/:/nopt/nrel/apps/gcc/6.2.0/lib/gcc/x86_64-linux-gnu/6.2.0/:/nopt/nrel/apps/gcc/6.2.0/lib/gcc/x86_64-linux-gnu/6.2.0/../../../../lib64/:/lib/../lib64/:/usr/lib/../lib64/:/nopt/nrel/ecom/ecp/base/c/spack/opt/spack/linux-centos7-x86_64/gcc-6.2.0/netlib-lapack-3.8.0-n4p7oeohwcmnqejjmdlrl2ai5ttlzksh/lib64/:/nopt/nrel/ecom/ecp/base/c/spack/opt/spack/linux-centos7-x86_64/gcc-6.2.0/openmpi-1.10.4-wfmjgcasxkighqrgph37nukffjmtwgif/lib/:/nopt/nrel/ecom/ecp/base/c/spack/opt/spack/linux-centos7-x86_64/gcc-6.2.0/binutils-2.29.1-gtsjgo72yvm3b6bj7lhwtxfnh6nfrkbd/lib/:/nopt/nrel/apps/gcc/6.2.0/lib/gcc/x86_64-linux-gnu/6.2.0/../../../:/lib/:/usr/lib/]
  ignore line: [COLLECT_GCC_OPTIONS='-v' '-rdynamic' '-o' 'cmTC_6613e' '-mtune=generic' '-march=x86-64']
  link line: [ /nopt/nrel/apps/gcc/6.2.0/libexec/gcc/x86_64-linux-gnu/6.2.0/collect2 --eh-frame-hdr -m elf_x86_64 -export-dynamic -dynamic-linker /lib64/ld-linux-x86-64.so.2 -o cmTC_6613e /lib/../lib64/crt1.o /lib/../lib64/crti.o /nopt/nrel/apps/gcc/6.2.0/lib/gcc/x86_64-linux-gnu/6.2.0/crtbegin.o -L/nopt/nrel/ecom/ecp/base/c/spack/opt/spack/linux-centos7-x86_64/gcc-6.2.0/netlib-lapack-3.8.0-n4p7oeohwcmnqejjmdlrl2ai5ttlzksh/lib64/../lib64 -L/nopt/nrel/apps/gcc/6.2.0/lib/gcc/x86_64-linux-gnu/6.2.0 -L/nopt/nrel/apps/gcc/6.2.0/lib/gcc/x86_64-linux-gnu/6.2.0/../../../../lib64 -L/lib/../lib64 -L/usr/lib/../lib64 -L/nopt/nrel/ecom/ecp/base/c/spack/opt/spack/linux-centos7-x86_64/gcc-6.2.0/netlib-lapack-3.8.0-n4p7oeohwcmnqejjmdlrl2ai5ttlzksh/lib64 -L/nopt/nrel/ecom/ecp/base/c/spack/opt/spack/linux-centos7-x86_64/gcc-6.2.0/openmpi-1.10.4-wfmjgcasxkighqrgph37nukffjmtwgif/lib -L/nopt/nrel/ecom/ecp/base/c/spack/opt/spack/linux-centos7-x86_64/gcc-6.2.0/binutils-2.29.1-gtsjgo72yvm3b6bj7lhwtxfnh6nfrkbd/lib -L/nopt/nrel/apps/gcc/6.2.0/lib/gcc/x86_64-linux-gnu/6.2.0/../../.. CMakeFiles/cmTC_6613e.dir/CMakeCCompilerABI.c.o -lgcc --as-needed -lgcc_s --no-as-needed -lc -lgcc --as-needed -lgcc_s --no-as-needed /nopt/nrel/apps/gcc/6.2.0/lib/gcc/x86_64-linux-gnu/6.2.0/crtend.o /lib/../lib64/crtn.o]
    arg [/nopt/nrel/apps/gcc/6.2.0/libexec/gcc/x86_64-linux-gnu/6.2.0/collect2] ==> ignore
    arg [--eh-frame-hdr] ==> ignore
    arg [-m] ==> ignore
    arg [elf_x86_64] ==> ignore
    arg [-export-dynamic] ==> ignore
    arg [-dynamic-linker] ==> ignore
    arg [/lib64/ld-linux-x86-64.so.2] ==> ignore
    arg [-o] ==> ignore
    arg [cmTC_6613e] ==> ignore
    arg [/lib/../lib64/crt1.o] ==> ignore
    arg [/lib/../lib64/crti.o] ==> ignore
    arg [/nopt/nrel/apps/gcc/6.2.0/lib/gcc/x86_64-linux-gnu/6.2.0/crtbegin.o] ==> ignore
    arg [-L/nopt/nrel/ecom/ecp/base/c/spack/opt/spack/linux-centos7-x86_64/gcc-6.2.0/netlib-lapack-3.8.0-n4p7oeohwcmnqejjmdlrl2ai5ttlzksh/lib64/../lib64] ==> dir [/nopt/nrel/ecom/ecp/base/c/spack/opt/spack/linux-centos7-x86_64/gcc-6.2.0/netlib-lapack-3.8.0-n4p7oeohwcmnqejjmdlrl2ai5ttlzksh/lib64/../lib64]
    arg [-L/nopt/nrel/apps/gcc/6.2.0/lib/gcc/x86_64-linux-gnu/6.2.0] ==> dir [/nopt/nrel/apps/gcc/6.2.0/lib/gcc/x86_64-linux-gnu/6.2.0]
    arg [-L/nopt/nrel/apps/gcc/6.2.0/lib/gcc/x86_64-linux-gnu/6.2.0/../../../../lib64] ==> dir [/nopt/nrel/apps/gcc/6.2.0/lib/gcc/x86_64-linux-gnu/6.2.0/../../../../lib64]
    arg [-L/lib/../lib64] ==> dir [/lib/../lib64]
    arg [-L/usr/lib/../lib64] ==> dir [/usr/lib/../lib64]
    arg [-L/nopt/nrel/ecom/ecp/base/c/spack/opt/spack/linux-centos7-x86_64/gcc-6.2.0/netlib-lapack-3.8.0-n4p7oeohwcmnqejjmdlrl2ai5ttlzksh/lib64] ==> dir [/nopt/nrel/ecom/ecp/base/c/spack/opt/spack/linux-centos7-x86_64/gcc-6.2.0/netlib-lapack-3.8.0-n4p7oeohwcmnqejjmdlrl2ai5ttlzksh/lib64]
    arg [-L/nopt/nrel/ecom/ecp/base/c/spack/opt/spack/linux-centos7-x86_64/gcc-6.2.0/openmpi-1.10.4-wfmjgcasxkighqrgph37nukffjmtwgif/lib] ==> dir [/nopt/nrel/ecom/ecp/base/c/spack/opt/spack/linux-centos7-x86_64/gcc-6.2.0/openmpi-1.10.4-wfmjgcasxkighqrgph37nukffjmtwgif/lib]
    arg [-L/nopt/nrel/ecom/ecp/base/c/spack/opt/spack/linux-centos7-x86_64/gcc-6.2.0/binutils-2.29.1-gtsjgo72yvm3b6bj7lhwtxfnh6nfrkbd/lib] ==> dir [/nopt/nrel/ecom/ecp/base/c/spack/opt/spack/linux-centos7-x86_64/gcc-6.2.0/binutils-2.29.1-gtsjgo72yvm3b6bj7lhwtxfnh6nfrkbd/lib]
    arg [-L/nopt/nrel/apps/gcc/6.2.0/lib/gcc/x86_64-linux-gnu/6.2.0/../../..] ==> dir [/nopt/nrel/apps/gcc/6.2.0/lib/gcc/x86_64-linux-gnu/6.2.0/../../..]
    arg [CMakeFiles/cmTC_6613e.dir/CMakeCCompilerABI.c.o] ==> ignore
    arg [-lgcc] ==> lib [gcc]
    arg [--as-needed] ==> ignore
    arg [-lgcc_s] ==> lib [gcc_s]
    arg [--no-as-needed] ==> ignore
    arg [-lc] ==> lib [c]
    arg [-lgcc] ==> lib [gcc]
    arg [--as-needed] ==> ignore
    arg [-lgcc_s] ==> lib [gcc_s]
    arg [--no-as-needed] ==> ignore
    arg [/nopt/nrel/apps/gcc/6.2.0/lib/gcc/x86_64-linux-gnu/6.2.0/crtend.o] ==> ignore
    arg [/lib/../lib64/crtn.o] ==> ignore
  collapse library dir [/nopt/nrel/ecom/ecp/base/c/spack/opt/spack/linux-centos7-x86_64/gcc-6.2.0/netlib-lapack-3.8.0-n4p7oeohwcmnqejjmdlrl2ai5ttlzksh/lib64/../lib64] ==> [/nopt/nrel/ecom/ecp/base/c/spack/opt/spack/linux-centos7-x86_64/gcc-6.2.0/netlib-lapack-3.8.0-n4p7oeohwcmnqejjmdlrl2ai5ttlzksh/lib64]
  collapse library dir [/nopt/nrel/apps/gcc/6.2.0/lib/gcc/x86_64-linux-gnu/6.2.0] ==> [/nopt/nrel/apps/gcc/6.2.0/lib/gcc/x86_64-linux-gnu/6.2.0]
  collapse library dir [/nopt/nrel/apps/gcc/6.2.0/lib/gcc/x86_64-linux-gnu/6.2.0/../../../../lib64] ==> [/nopt/nrel/apps/gcc/6.2.0/lib64]
  collapse library dir [/lib/../lib64] ==> [/lib64]
  collapse library dir [/usr/lib/../lib64] ==> [/usr/lib64]
  collapse library dir [/nopt/nrel/ecom/ecp/base/c/spack/opt/spack/linux-centos7-x86_64/gcc-6.2.0/netlib-lapack-3.8.0-n4p7oeohwcmnqejjmdlrl2ai5ttlzksh/lib64] ==> [/nopt/nrel/ecom/ecp/base/c/spack/opt/spack/linux-centos7-x86_64/gcc-6.2.0/netlib-lapack-3.8.0-n4p7oeohwcmnqejjmdlrl2ai5ttlzksh/lib64]
  collapse library dir [/nopt/nrel/ecom/ecp/base/c/spack/opt/spack/linux-centos7-x86_64/gcc-6.2.0/openmpi-1.10.4-wfmjgcasxkighqrgph37nukffjmtwgif/lib] ==> [/nopt/nrel/ecom/ecp/base/c/spack/opt/spack/linux-centos7-x86_64/gcc-6.2.0/openmpi-1.10.4-wfmjgcasxkighqrgph37nukffjmtwgif/lib]
  collapse library dir [/nopt/nrel/ecom/ecp/base/c/spack/opt/spack/linux-centos7-x86_64/gcc-6.2.0/binutils-2.29.1-gtsjgo72yvm3b6bj7lhwtxfnh6nfrkbd/lib] ==> [/nopt/nrel/ecom/ecp/base/c/spack/opt/spack/linux-centos7-x86_64/gcc-6.2.0/binutils-2.29.1-gtsjgo72yvm3b6bj7lhwtxfnh6nfrkbd/lib]
  collapse library dir [/nopt/nrel/apps/gcc/6.2.0/lib/gcc/x86_64-linux-gnu/6.2.0/../../..] ==> [/nopt/nrel/apps/gcc/6.2.0/lib]
  implicit libs: [gcc;gcc_s;c;gcc;gcc_s]
  implicit dirs: [/nopt/nrel/ecom/ecp/base/c/spack/opt/spack/linux-centos7-x86_64/gcc-6.2.0/netlib-lapack-3.8.0-n4p7oeohwcmnqejjmdlrl2ai5ttlzksh/lib64;/nopt/nrel/apps/gcc/6.2.0/lib/gcc/x86_64-linux-gnu/6.2.0;/nopt/nrel/apps/gcc/6.2.0/lib64;/lib64;/usr/lib64;/nopt/nrel/ecom/ecp/base/c/spack/opt/spack/linux-centos7-x86_64/gcc-6.2.0/openmpi-1.10.4-wfmjgcasxkighqrgph37nukffjmtwgif/lib;/nopt/nrel/ecom/ecp/base/c/spack/opt/spack/linux-centos7-x86_64/gcc-6.2.0/binutils-2.29.1-gtsjgo72yvm3b6bj7lhwtxfnh6nfrkbd/lib;/nopt/nrel/apps/gcc/6.2.0/lib]
  implicit fwks: []




Detecting C [-std=c11] compiler features compiled with the following output:
Change Dir: /home/kswirydo/hypre-mini-app/src/CMakeFiles/CMakeTmp

Run Build Command:"/usr/bin/gmake" "cmTC_fb773/fast"
gmake: Warning: File `Makefile' has modification time 204 s in the future
/usr/bin/gmake -f CMakeFiles/cmTC_fb773.dir/build.make CMakeFiles/cmTC_fb773.dir/build
gmake[1]: Entering directory `/home/kswirydo/hypre-mini-app/src/CMakeFiles/CMakeTmp'
gmake[1]: Warning: File `CMakeFiles/cmTC_fb773.dir/flags.make' has modification time 204 s in the future
Building C object CMakeFiles/cmTC_fb773.dir/feature_tests.c.o
/nopt/nrel/apps/gcc/6.2.0/bin/gcc   -std=c11 -o CMakeFiles/cmTC_fb773.dir/feature_tests.c.o   -c /home/kswirydo/hypre-mini-app/src/CMakeFiles/feature_tests.c
Linking C executable cmTC_fb773
/nopt/nrel/ecom/ecp/base/c/spack/opt/spack/linux-centos7-x86_64/gcc-6.2.0/cmake-3.9.4-mlfh5h3j5ijmflg6iu4eralfojsh3nv3/bin/cmake -E cmake_link_script CMakeFiles/cmTC_fb773.dir/link.txt --verbose=1
/nopt/nrel/apps/gcc/6.2.0/bin/gcc      -rdynamic CMakeFiles/cmTC_fb773.dir/feature_tests.c.o  -o cmTC_fb773 
gmake[1]: warning:  Clock skew detected.  Your build may be incomplete.
gmake[1]: Leaving directory `/home/kswirydo/hypre-mini-app/src/CMakeFiles/CMakeTmp'
gmake: warning:  Clock skew detected.  Your build may be incomplete.


    Feature record: C_FEATURE:1c_function_prototypes
    Feature record: C_FEATURE:1c_restrict
    Feature record: C_FEATURE:1c_static_assert
    Feature record: C_FEATURE:1c_variadic_macros


Detecting C [-std=c99] compiler features compiled with the following output:
Change Dir: /home/kswirydo/hypre-mini-app/src/CMakeFiles/CMakeTmp

Run Build Command:"/usr/bin/gmake" "cmTC_84f3f/fast"
gmake: Warning: File `Makefile' has modification time 204 s in the future
/usr/bin/gmake -f CMakeFiles/cmTC_84f3f.dir/build.make CMakeFiles/cmTC_84f3f.dir/build
gmake[1]: Entering directory `/home/kswirydo/hypre-mini-app/src/CMakeFiles/CMakeTmp'
gmake[1]: Warning: File `CMakeFiles/cmTC_84f3f.dir/flags.make' has modification time 204 s in the future
Building C object CMakeFiles/cmTC_84f3f.dir/feature_tests.c.o
/nopt/nrel/apps/gcc/6.2.0/bin/gcc   -std=c99 -o CMakeFiles/cmTC_84f3f.dir/feature_tests.c.o   -c /home/kswirydo/hypre-mini-app/src/CMakeFiles/feature_tests.c
Linking C executable cmTC_84f3f
/nopt/nrel/ecom/ecp/base/c/spack/opt/spack/linux-centos7-x86_64/gcc-6.2.0/cmake-3.9.4-mlfh5h3j5ijmflg6iu4eralfojsh3nv3/bin/cmake -E cmake_link_script CMakeFiles/cmTC_84f3f.dir/link.txt --verbose=1
/nopt/nrel/apps/gcc/6.2.0/bin/gcc      -rdynamic CMakeFiles/cmTC_84f3f.dir/feature_tests.c.o  -o cmTC_84f3f 
gmake[1]: warning:  Clock skew detected.  Your build may be incomplete.
gmake[1]: Leaving directory `/home/kswirydo/hypre-mini-app/src/CMakeFiles/CMakeTmp'
gmake: warning:  Clock skew detected.  Your build may be incomplete.


    Feature record: C_FEATURE:1c_function_prototypes
    Feature record: C_FEATURE:1c_restrict
    Feature record: C_FEATURE:0c_static_assert
    Feature record: C_FEATURE:1c_variadic_macros


Detecting C [-std=c90] compiler features compiled with the following output:
Change Dir: /home/kswirydo/hypre-mini-app/src/CMakeFiles/CMakeTmp

Run Build Command:"/usr/bin/gmake" "cmTC_0071c/fast"
gmake: Warning: File `Makefile' has modification time 204 s in the future
/usr/bin/gmake -f CMakeFiles/cmTC_0071c.dir/build.make CMakeFiles/cmTC_0071c.dir/build
gmake[1]: Entering directory `/home/kswirydo/hypre-mini-app/src/CMakeFiles/CMakeTmp'
gmake[1]: Warning: File `CMakeFiles/cmTC_0071c.dir/flags.make' has modification time 204 s in the future
Building C object CMakeFiles/cmTC_0071c.dir/feature_tests.c.o
/nopt/nrel/apps/gcc/6.2.0/bin/gcc   -std=c90 -o CMakeFiles/cmTC_0071c.dir/feature_tests.c.o   -c /home/kswirydo/hypre-mini-app/src/CMakeFiles/feature_tests.c
Linking C executable cmTC_0071c
/nopt/nrel/ecom/ecp/base/c/spack/opt/spack/linux-centos7-x86_64/gcc-6.2.0/cmake-3.9.4-mlfh5h3j5ijmflg6iu4eralfojsh3nv3/bin/cmake -E cmake_link_script CMakeFiles/cmTC_0071c.dir/link.txt --verbose=1
/nopt/nrel/apps/gcc/6.2.0/bin/gcc      -rdynamic CMakeFiles/cmTC_0071c.dir/feature_tests.c.o  -o cmTC_0071c 
gmake[1]: warning:  Clock skew detected.  Your build may be incomplete.
gmake[1]: Leaving directory `/home/kswirydo/hypre-mini-app/src/CMakeFiles/CMakeTmp'
gmake: warning:  Clock skew detected.  Your build may be incomplete.


    Feature record: C_FEATURE:1c_function_prototypes
    Feature record: C_FEATURE:0c_restrict
    Feature record: C_FEATURE:0c_static_assert
    Feature record: C_FEATURE:0c_variadic_macros
Performing C++ SOURCE FILE Test FLAG_WEXTRA succeeded with the following output:
Change Dir: /home/kswirydo/hypre-mini-app/src/CMakeFiles/CMakeTmp

Run Build Command:"/usr/bin/gmake" "cmTC_437fa/fast"
gmake: Warning: File `Makefile' has modification time 204 s in the future
/usr/bin/gmake -f CMakeFiles/cmTC_437fa.dir/build.make CMakeFiles/cmTC_437fa.dir/build
gmake[1]: Entering directory `/home/kswirydo/hypre-mini-app/src/CMakeFiles/CMakeTmp'
gmake[1]: Warning: File `CMakeFiles/cmTC_437fa.dir/flags.make' has modification time 204 s in the future
Building CXX object CMakeFiles/cmTC_437fa.dir/src.cxx.o
/nopt/nrel/apps/gcc/6.2.0/bin/g++    -DFLAG_WEXTRA   -Wextra -o CMakeFiles/cmTC_437fa.dir/src.cxx.o -c /home/kswirydo/hypre-mini-app/src/CMakeFiles/CMakeTmp/src.cxx
Linking CXX executable cmTC_437fa
/nopt/nrel/ecom/ecp/base/c/spack/opt/spack/linux-centos7-x86_64/gcc-6.2.0/cmake-3.9.4-mlfh5h3j5ijmflg6iu4eralfojsh3nv3/bin/cmake -E cmake_link_script CMakeFiles/cmTC_437fa.dir/link.txt --verbose=1
/nopt/nrel/apps/gcc/6.2.0/bin/g++   -DFLAG_WEXTRA    -rdynamic CMakeFiles/cmTC_437fa.dir/src.cxx.o  -o cmTC_437fa 
gmake[1]: warning:  Clock skew detected.  Your build may be incomplete.
gmake[1]: Leaving directory `/home/kswirydo/hypre-mini-app/src/CMakeFiles/CMakeTmp'
gmake: warning:  Clock skew detected.  Your build may be incomplete.

Source file was:
int main() { return 0; }
